<?xml version="1.0" encoding="UTF-8"?>
<!-- Generated by org.testng.reporters.JUnitReportReporter -->
<testsuite hostname="Naomi" failures="0" tests="5" name="com.acti.testcase.LoginPageTests" time="8.891" errors="0" timestamp="2023-05-03T22:14:02 CDT" skipped="4">
  <testcase classname="com.acti.testcase.LoginPageTests" name="testLoginFunction" time="8.891"/>
  <system-out/>
  <testcase classname="com.acti.testcase.LoginPageTests" name="testActiImgDisplayed">
    <skipped/>
  </testcase> <!-- testActiImgDisplayed -->
  <system-out/>
  <testcase classname="com.acti.testcase.LoginPageTests" name="testForgotPasswordDisplayed">
    <skipped/>
  </testcase> <!-- testForgotPasswordDisplayed -->
  <system-out/>
  <testcase classname="com.acti.testcase.LoginPageTests" name="testLoginPageTitle">
    <skipped/>
  </testcase> <!-- testLoginPageTitle -->
  <system-out/>
  <testcase classname="com.acti.testcase.LoginPageTests" name="testLoginInvaliCredientials">
    <skipped/>
  </testcase> <!-- testLoginInvaliCredientials -->
  <system-out/>
</testsuite> <!-- com.acti.testcase.LoginPageTests -->
